<?xml version="1.0" encoding="UTF-8"?>
<!-- Generated by org.testng.reporters.JUnitXMLReporter -->
<testsuite ignored="0" hostname="Dell-PC" failures="0" tests="3" name="Default test" time="13.139" errors="0" timestamp="2022-07-10T22:48:34 IST">
  <testcase classname="hotelbookingtests.BookingTests" name="postbooking" time="2.998"/>
  <testcase classname="hotelbookingtests.BookingTests" name="partialUpdateBooking" time="2.352"/>
  <testcase classname="hotelbookingtests.BookingTests" name="deleteBooking" time="2.957"/>
</testsuite> <!-- Default test -->
