<?xml version="1.0" encoding="UTF-8"?>
<!-- Generated by org.testng.reporters.JUnitXMLReporter -->
<testsuite ignored="0" hostname="Dell-PC" failures="0" tests="4" name="Default test" time="14.809" errors="0" timestamp="2022-07-10T14:41:37 IST">
  <testcase classname="hotelbookingtests.BookingTests" name="generatetoken" time="4.604"/>
  <testcase classname="hotelbookingtests.BookingTests" name="postbooking" time="4.865"/>
  <testcase classname="hotelbookingtests.BookingTests" name="partialUpdateBooking" time="2.799"/>
  <testcase classname="hotelbookingtests.BookingTests" name="deleteBooking" time="2.467"/>
</testsuite> <!-- Default test -->
