<?xml version="1.0" encoding="UTF-8"?>
<testng-results ignored="0" total="3" passed="3" failed="0" skipped="0">
  <reporter-output>
  </reporter-output>
  <suite started-at="2022-07-10T22:48:21 IST" name="Default suite" finished-at="2022-07-10T22:48:34 IST" duration-ms="13139">
    <groups>
    </groups>
    <test started-at="2022-07-10T22:48:21 IST" name="Default test" finished-at="2022-07-10T22:48:34 IST" duration-ms="13139">
      <class name="hotelbookingtests.BookingTests">
        <test-method is-config="true" signature="generatetoken()[pri:0, instance:hotelbookingtests.BookingTests@470f1802]" started-at="2022-07-10T22:48:21 IST" name="generatetoken" finished-at="2022-07-10T22:48:25 IST" duration-ms="4765" status="PASS">
          <reporter-output>
          </reporter-output>
        </test-method> <!-- generatetoken -->
        <test-method signature="postbooking()[pri:1, instance:hotelbookingtests.BookingTests@470f1802]" started-at="2022-07-10T22:48:25 IST" name="postbooking" finished-at="2022-07-10T22:48:28 IST" duration-ms="2998" status="PASS">
          <reporter-output>
          </reporter-output>
        </test-method> <!-- postbooking -->
        <test-method signature="partialUpdateBooking()[pri:2, instance:hotelbookingtests.BookingTests@470f1802]" started-at="2022-07-10T22:48:28 IST" name="partialUpdateBooking" finished-at="2022-07-10T22:48:31 IST" duration-ms="2352" status="PASS">
          <reporter-output>
          </reporter-output>
        </test-method> <!-- partialUpdateBooking -->
        <test-method signature="deleteBooking()[pri:3, instance:hotelbookingtests.BookingTests@470f1802]" started-at="2022-07-10T22:48:31 IST" name="deleteBooking" finished-at="2022-07-10T22:48:34 IST" duration-ms="2957" status="PASS">
          <reporter-output>
          </reporter-output>
        </test-method> <!-- deleteBooking -->
      </class> <!-- hotelbookingtests.BookingTests -->
    </test> <!-- Default test -->
  </suite> <!-- Default suite -->
</testng-results>
