<?xml version="1.0" encoding="UTF-8"?>
<testng-results ignored="0" total="4" passed="4" failed="0" skipped="0">
  <reporter-output>
  </reporter-output>
  <suite started-at="2022-07-10T14:41:22 IST" name="Default suite" finished-at="2022-07-10T14:41:37 IST" duration-ms="14809">
    <groups>
    </groups>
    <test started-at="2022-07-10T14:41:22 IST" name="Default test" finished-at="2022-07-10T14:41:37 IST" duration-ms="14809">
      <class name="hotelbookingtests.BookingTests">
        <test-method signature="generatetoken()[pri:0, instance:hotelbookingtests.BookingTests@1f3f4916]" started-at="2022-07-10T14:41:23 IST" name="generatetoken" finished-at="2022-07-10T14:41:27 IST" duration-ms="4604" status="PASS">
          <reporter-output>
          </reporter-output>
        </test-method> <!-- generatetoken -->
        <test-method signature="postbooking()[pri:1, instance:hotelbookingtests.BookingTests@1f3f4916]" started-at="2022-07-10T14:41:27 IST" name="postbooking" finished-at="2022-07-10T14:41:32 IST" duration-ms="4865" status="PASS">
          <reporter-output>
          </reporter-output>
        </test-method> <!-- postbooking -->
        <test-method signature="partialUpdateBooking()[pri:2, instance:hotelbookingtests.BookingTests@1f3f4916]" started-at="2022-07-10T14:41:32 IST" name="partialUpdateBooking" finished-at="2022-07-10T14:41:35 IST" duration-ms="2799" status="PASS">
          <reporter-output>
          </reporter-output>
        </test-method> <!-- partialUpdateBooking -->
        <test-method signature="deleteBooking()[pri:3, instance:hotelbookingtests.BookingTests@1f3f4916]" started-at="2022-07-10T14:41:35 IST" name="deleteBooking" finished-at="2022-07-10T14:41:37 IST" duration-ms="2467" status="PASS">
          <reporter-output>
          </reporter-output>
        </test-method> <!-- deleteBooking -->
      </class> <!-- hotelbookingtests.BookingTests -->
    </test> <!-- Default test -->
  </suite> <!-- Default suite -->
</testng-results>
